[12 Aug 05:36:24]:[INFO]:[__main__]:[Line:1225][Func:syncup]
[Path:/home/doob/Documents/Bots/KittyLitterBot2/carla.py]
 MSG: Synching servers

[12 Aug 06:37:08]:[INFO]:[__main__]:[Line:1289][Func:syncup]
[Path:/home/doob/Documents/Bots/KittyLitterBot2/carla.py]
 MSG: Removed NrG Upsurge

[12 Aug 06:37:09]:[INFO]:[__main__]:[Line:1289][Func:syncup]
[Path:/home/doob/Documents/Bots/KittyLitterBot2/carla.py]
 MSG: Removed Jaguar__

[12 Aug 06:37:09]:[INFO]:[__main__]:[Line:1289][Func:syncup]
[Path:/home/doob/Documents/Bots/KittyLitterBot2/carla.py]
 MSG: Removed ISAAk873

[12 Aug 06:37:09]:[INFO]:[__main__]:[Line:1289][Func:syncup]
[Path:/home/doob/Documents/Bots/KittyLitterBot2/carla.py]
 MSG: Removed waffenmeister

[12 Aug 06:37:10]:[INFO]:[__main__]:[Line:1289][Func:syncup]
[Path:/home/doob/Documents/Bots/KittyLitterBot2/carla.py]
 MSG: Removed Rob

[12 Aug 06:37:10]:[INFO]:[__main__]:[Line:1225][Func:syncup]
[Path:/home/doob/Documents/Bots/KittyLitterBot2/carla.py]
 MSG: Synching servers

[12 Aug 07:37:55]:[INFO]:[__main__]:[Line:1225][Func:syncup]
[Path:/home/doob/Documents/Bots/KittyLitterBot2/carla.py]
 MSG: Synching servers

[12 Aug 08:38:40]:[INFO]:[__main__]:[Line:1225][Func:syncup]
[Path:/home/doob/Documents/Bots/KittyLitterBot2/carla.py]
 MSG: Synching servers

[12 Aug 09:39:25]:[INFO]:[__main__]:[Line:1225][Func:syncup]
[Path:/home/doob/Documents/Bots/KittyLitterBot2/carla.py]
 MSG: Synching servers

[12 Aug 10:40:09]:[INFO]:[__main__]:[Line:1225][Func:syncup]
[Path:/home/doob/Documents/Bots/KittyLitterBot2/carla.py]
 MSG: Synching servers

[12 Aug 11:40:54]:[INFO]:[__main__]:[Line:1225][Func:syncup]
[Path:/home/doob/Documents/Bots/KittyLitterBot2/carla.py]
 MSG: Synching servers

[12 Aug 12:41:39]:[INFO]:[__main__]:[Line:1225][Func:syncup]
[Path:/home/doob/Documents/Bots/KittyLitterBot2/carla.py]
 MSG: Synching servers

[12 Aug 13:42:23]:[INFO]:[__main__]:[Line:1225][Func:syncup]
[Path:/home/doob/Documents/Bots/KittyLitterBot2/carla.py]
 MSG: Synching servers

[12 Aug 14:43:09]:[INFO]:[__main__]:[Line:1225][Func:syncup]
[Path:/home/doob/Documents/Bots/KittyLitterBot2/carla.py]
 MSG: Synching servers

[12 Aug 15:43:55]:[INFO]:[__main__]:[Line:1225][Func:syncup]
[Path:/home/doob/Documents/Bots/KittyLitterBot2/carla.py]
 MSG: Synching servers

[12 Aug 16:44:41]:[INFO]:[__main__]:[Line:1225][Func:syncup]
[Path:/home/doob/Documents/Bots/KittyLitterBot2/carla.py]
 MSG: Synching servers

[12 Aug 17:45:26]:[INFO]:[__main__]:[Line:1225][Func:syncup]
[Path:/home/doob/Documents/Bots/KittyLitterBot2/carla.py]
 MSG: Synching servers

[12 Aug 18:46:11]:[INFO]:[__main__]:[Line:1225][Func:syncup]
[Path:/home/doob/Documents/Bots/KittyLitterBot2/carla.py]
 MSG: Synching servers

[12 Aug 19:46:56]:[INFO]:[__main__]:[Line:1225][Func:syncup]
[Path:/home/doob/Documents/Bots/KittyLitterBot2/carla.py]
 MSG: Synching servers

[12 Aug 20:47:41]:[INFO]:[__main__]:[Line:1225][Func:syncup]
[Path:/home/doob/Documents/Bots/KittyLitterBot2/carla.py]
 MSG: Synching servers

[12 Aug 21:48:25]:[INFO]:[__main__]:[Line:1225][Func:syncup]
[Path:/home/doob/Documents/Bots/KittyLitterBot2/carla.py]
 MSG: Synching servers

[12 Aug 22:49:11]:[INFO]:[__main__]:[Line:1225][Func:syncup]
[Path:/home/doob/Documents/Bots/KittyLitterBot2/carla.py]
 MSG: Synching servers

[12 Aug 23:49:57]:[INFO]:[__main__]:[Line:1225][Func:syncup]
[Path:/home/doob/Documents/Bots/KittyLitterBot2/carla.py]
 MSG: Synching servers

[13 Aug 00:50:42]:[INFO]:[__main__]:[Line:1225][Func:syncup]
[Path:/home/doob/Documents/Bots/KittyLitterBot2/carla.py]
 MSG: Synching servers

[13 Aug 01:51:28]:[INFO]:[__main__]:[Line:1225][Func:syncup]
[Path:/home/doob/Documents/Bots/KittyLitterBot2/carla.py]
 MSG: Synching servers

[13 Aug 02:52:14]:[INFO]:[__main__]:[Line:1225][Func:syncup]
[Path:/home/doob/Documents/Bots/KittyLitterBot2/carla.py]
 MSG: Synching servers

[13 Aug 03:53:00]:[INFO]:[__main__]:[Line:1225][Func:syncup]
[Path:/home/doob/Documents/Bots/KittyLitterBot2/carla.py]
 MSG: Synching servers

[13 Aug 04:53:45]:[INFO]:[__main__]:[Line:1225][Func:syncup]
[Path:/home/doob/Documents/Bots/KittyLitterBot2/carla.py]
 MSG: Synching servers

[13 Aug 05:54:30]:[INFO]:[__main__]:[Line:1225][Func:syncup]
[Path:/home/doob/Documents/Bots/KittyLitterBot2/carla.py]
 MSG: Synching servers

[13 Aug 06:55:15]:[INFO]:[__main__]:[Line:1225][Func:syncup]
[Path:/home/doob/Documents/Bots/KittyLitterBot2/carla.py]
 MSG: Synching servers

[13 Aug 07:56:01]:[INFO]:[__main__]:[Line:1225][Func:syncup]
[Path:/home/doob/Documents/Bots/KittyLitterBot2/carla.py]
 MSG: Synching servers

[13 Aug 08:56:46]:[INFO]:[__main__]:[Line:1225][Func:syncup]
[Path:/home/doob/Documents/Bots/KittyLitterBot2/carla.py]
 MSG: Synching servers

[13 Aug 09:57:31]:[INFO]:[__main__]:[Line:1225][Func:syncup]
[Path:/home/doob/Documents/Bots/KittyLitterBot2/carla.py]
 MSG: Synching servers

[13 Aug 10:58:16]:[INFO]:[__main__]:[Line:1225][Func:syncup]
[Path:/home/doob/Documents/Bots/KittyLitterBot2/carla.py]
 MSG: Synching servers

[13 Aug 11:59:02]:[INFO]:[__main__]:[Line:1225][Func:syncup]
[Path:/home/doob/Documents/Bots/KittyLitterBot2/carla.py]
 MSG: Synching servers

[13 Aug 12:59:46]:[INFO]:[__main__]:[Line:1225][Func:syncup]
[Path:/home/doob/Documents/Bots/KittyLitterBot2/carla.py]
 MSG: Synching servers

[13 Aug 14:00:32]:[INFO]:[__main__]:[Line:1289][Func:syncup]
[Path:/home/doob/Documents/Bots/KittyLitterBot2/carla.py]
 MSG: Removed Jaguar__

[13 Aug 14:00:32]:[INFO]:[__main__]:[Line:1225][Func:syncup]
[Path:/home/doob/Documents/Bots/KittyLitterBot2/carla.py]
 MSG: Synching servers

[13 Aug 15:01:17]:[INFO]:[__main__]:[Line:1225][Func:syncup]
[Path:/home/doob/Documents/Bots/KittyLitterBot2/carla.py]
 MSG: Synching servers

[13 Aug 16:02:02]:[INFO]:[__main__]:[Line:1225][Func:syncup]
[Path:/home/doob/Documents/Bots/KittyLitterBot2/carla.py]
 MSG: Synching servers

[13 Aug 17:02:48]:[INFO]:[__main__]:[Line:1225][Func:syncup]
[Path:/home/doob/Documents/Bots/KittyLitterBot2/carla.py]
 MSG: Synching servers

[13 Aug 18:03:33]:[INFO]:[__main__]:[Line:1225][Func:syncup]
[Path:/home/doob/Documents/Bots/KittyLitterBot2/carla.py]
 MSG: Synching servers

[13 Aug 19:04:19]:[INFO]:[__main__]:[Line:1225][Func:syncup]
[Path:/home/doob/Documents/Bots/KittyLitterBot2/carla.py]
 MSG: Synching servers

[13 Aug 20:05:03]:[INFO]:[__main__]:[Line:1225][Func:syncup]
[Path:/home/doob/Documents/Bots/KittyLitterBot2/carla.py]
 MSG: Synching servers

[13 Aug 21:05:48]:[INFO]:[__main__]:[Line:1225][Func:syncup]
[Path:/home/doob/Documents/Bots/KittyLitterBot2/carla.py]
 MSG: Synching servers

[13 Aug 22:06:34]:[INFO]:[__main__]:[Line:1225][Func:syncup]
[Path:/home/doob/Documents/Bots/KittyLitterBot2/carla.py]
 MSG: Synching servers

[13 Aug 23:07:20]:[INFO]:[__main__]:[Line:1225][Func:syncup]
[Path:/home/doob/Documents/Bots/KittyLitterBot2/carla.py]
 MSG: Synching servers

[14 Aug 00:08:05]:[INFO]:[__main__]:[Line:1225][Func:syncup]
[Path:/home/doob/Documents/Bots/KittyLitterBot2/carla.py]
 MSG: Synching servers

[14 Aug 01:08:50]:[INFO]:[__main__]:[Line:1225][Func:syncup]
[Path:/home/doob/Documents/Bots/KittyLitterBot2/carla.py]
 MSG: Synching servers

[14 Aug 02:09:35]:[INFO]:[__main__]:[Line:1225][Func:syncup]
[Path:/home/doob/Documents/Bots/KittyLitterBot2/carla.py]
 MSG: Synching servers

[14 Aug 03:10:20]:[INFO]:[__main__]:[Line:1225][Func:syncup]
[Path:/home/doob/Documents/Bots/KittyLitterBot2/carla.py]
 MSG: Synching servers

[14 Aug 04:11:15]:[INFO]:[__main__]:[Line:1225][Func:syncup]
[Path:/home/doob/Documents/Bots/KittyLitterBot2/carla.py]
 MSG: Synching servers

[14 Aug 05:12:11]:[INFO]:[__main__]:[Line:1225][Func:syncup]
[Path:/home/doob/Documents/Bots/KittyLitterBot2/carla.py]
 MSG: Synching servers

[14 Aug 06:13:06]:[INFO]:[__main__]:[Line:1225][Func:syncup]
[Path:/home/doob/Documents/Bots/KittyLitterBot2/carla.py]
 MSG: Synching servers

[14 Aug 07:14:02]:[INFO]:[__main__]:[Line:1225][Func:syncup]
[Path:/home/doob/Documents/Bots/KittyLitterBot2/carla.py]
 MSG: Synching servers

[14 Aug 08:14:59]:[INFO]:[__main__]:[Line:1225][Func:syncup]
[Path:/home/doob/Documents/Bots/KittyLitterBot2/carla.py]
 MSG: Synching servers

[14 Aug 09:15:55]:[INFO]:[__main__]:[Line:1225][Func:syncup]
[Path:/home/doob/Documents/Bots/KittyLitterBot2/carla.py]
 MSG: Synching servers

[14 Aug 10:16:51]:[INFO]:[__main__]:[Line:1225][Func:syncup]
[Path:/home/doob/Documents/Bots/KittyLitterBot2/carla.py]
 MSG: Synching servers

[14 Aug 11:17:46]:[INFO]:[__main__]:[Line:1225][Func:syncup]
[Path:/home/doob/Documents/Bots/KittyLitterBot2/carla.py]
 MSG: Synching servers

[14 Aug 12:18:41]:[INFO]:[__main__]:[Line:1225][Func:syncup]
[Path:/home/doob/Documents/Bots/KittyLitterBot2/carla.py]
 MSG: Synching servers

[14 Aug 13:19:36]:[INFO]:[__main__]:[Line:1225][Func:syncup]
[Path:/home/doob/Documents/Bots/KittyLitterBot2/carla.py]
 MSG: Synching servers

[14 Aug 14:20:31]:[INFO]:[__main__]:[Line:1225][Func:syncup]
[Path:/home/doob/Documents/Bots/KittyLitterBot2/carla.py]
 MSG: Synching servers

[14 Aug 15:21:27]:[INFO]:[__main__]:[Line:1225][Func:syncup]
[Path:/home/doob/Documents/Bots/KittyLitterBot2/carla.py]
 MSG: Synching servers

[14 Aug 16:22:23]:[INFO]:[__main__]:[Line:1225][Func:syncup]
[Path:/home/doob/Documents/Bots/KittyLitterBot2/carla.py]
 MSG: Synching servers

[14 Aug 17:23:19]:[INFO]:[__main__]:[Line:1225][Func:syncup]
[Path:/home/doob/Documents/Bots/KittyLitterBot2/carla.py]
 MSG: Synching servers

[14 Aug 18:24:04]:[INFO]:[__main__]:[Line:1289][Func:syncup]
[Path:/home/doob/Documents/Bots/KittyLitterBot2/carla.py]
 MSG: Removed Al Green

[14 Aug 18:24:04]:[INFO]:[__main__]:[Line:1289][Func:syncup]
[Path:/home/doob/Documents/Bots/KittyLitterBot2/carla.py]
 MSG: Removed mylord

[14 Aug 18:24:05]:[ERROR]:[__main__]:[Line:1293][Func:syncup]
[Path:/home/doob/Documents/Bots/KittyLitterBot2/carla.py]
 MSG: Could not remove SgtMajorDoobie

[14 Aug 18:24:05]:[INFO]:[__main__]:[Line:1225][Func:syncup]
[Path:/home/doob/Documents/Bots/KittyLitterBot2/carla.py]
 MSG: Synching servers

[14 Aug 19:24:51]:[ERROR]:[__main__]:[Line:1293][Func:syncup]
[Path:/home/doob/Documents/Bots/KittyLitterBot2/carla.py]
 MSG: Could not remove SgtMajorDoobie

[14 Aug 19:24:51]:[INFO]:[__main__]:[Line:1225][Func:syncup]
[Path:/home/doob/Documents/Bots/KittyLitterBot2/carla.py]
 MSG: Synching servers

[14 Aug 20:25:36]:[ERROR]:[__main__]:[Line:1293][Func:syncup]
[Path:/home/doob/Documents/Bots/KittyLitterBot2/carla.py]
 MSG: Could not remove SgtMajorDoobie

[14 Aug 20:25:36]:[INFO]:[__main__]:[Line:1225][Func:syncup]
[Path:/home/doob/Documents/Bots/KittyLitterBot2/carla.py]
 MSG: Synching servers

[14 Aug 21:26:20]:[INFO]:[__main__]:[Line:1225][Func:syncup]
[Path:/home/doob/Documents/Bots/KittyLitterBot2/carla.py]
 MSG: Synching servers

[14 Aug 22:27:06]:[INFO]:[__main__]:[Line:1225][Func:syncup]
[Path:/home/doob/Documents/Bots/KittyLitterBot2/carla.py]
 MSG: Synching servers

[14 Aug 23:27:51]:[INFO]:[__main__]:[Line:1225][Func:syncup]
[Path:/home/doob/Documents/Bots/KittyLitterBot2/carla.py]
 MSG: Synching servers

[15 Aug 00:28:37]:[INFO]:[__main__]:[Line:1225][Func:syncup]
[Path:/home/doob/Documents/Bots/KittyLitterBot2/carla.py]
 MSG: Synching servers

[15 Aug 01:29:23]:[INFO]:[__main__]:[Line:1225][Func:syncup]
[Path:/home/doob/Documents/Bots/KittyLitterBot2/carla.py]
 MSG: Synching servers

[15 Aug 02:30:08]:[INFO]:[__main__]:[Line:1225][Func:syncup]
[Path:/home/doob/Documents/Bots/KittyLitterBot2/carla.py]
 MSG: Synching servers

[15 Aug 03:30:53]:[INFO]:[__main__]:[Line:1225][Func:syncup]
[Path:/home/doob/Documents/Bots/KittyLitterBot2/carla.py]
 MSG: Synching servers

[15 Aug 04:31:38]:[INFO]:[__main__]:[Line:1225][Func:syncup]
[Path:/home/doob/Documents/Bots/KittyLitterBot2/carla.py]
 MSG: Synching servers

[15 Aug 05:32:22]:[INFO]:[__main__]:[Line:1225][Func:syncup]
[Path:/home/doob/Documents/Bots/KittyLitterBot2/carla.py]
 MSG: Synching servers

[15 Aug 06:33:06]:[INFO]:[__main__]:[Line:1225][Func:syncup]
[Path:/home/doob/Documents/Bots/KittyLitterBot2/carla.py]
 MSG: Synching servers

[15 Aug 07:33:52]:[INFO]:[__main__]:[Line:1225][Func:syncup]
[Path:/home/doob/Documents/Bots/KittyLitterBot2/carla.py]
 MSG: Synching servers

[15 Aug 08:34:37]:[INFO]:[__main__]:[Line:1225][Func:syncup]
[Path:/home/doob/Documents/Bots/KittyLitterBot2/carla.py]
 MSG: Synching servers

[15 Aug 09:35:22]:[INFO]:[__main__]:[Line:1225][Func:syncup]
[Path:/home/doob/Documents/Bots/KittyLitterBot2/carla.py]
 MSG: Synching servers

[15 Aug 10:36:08]:[INFO]:[__main__]:[Line:1225][Func:syncup]
[Path:/home/doob/Documents/Bots/KittyLitterBot2/carla.py]
 MSG: Synching servers

[15 Aug 11:36:53]:[INFO]:[__main__]:[Line:1225][Func:syncup]
[Path:/home/doob/Documents/Bots/KittyLitterBot2/carla.py]
 MSG: Synching servers

[15 Aug 12:37:37]:[INFO]:[__main__]:[Line:1225][Func:syncup]
[Path:/home/doob/Documents/Bots/KittyLitterBot2/carla.py]
 MSG: Synching servers

[15 Aug 13:38:24]:[INFO]:[__main__]:[Line:1225][Func:syncup]
[Path:/home/doob/Documents/Bots/KittyLitterBot2/carla.py]
 MSG: Synching servers

[15 Aug 14:39:09]:[INFO]:[__main__]:[Line:1225][Func:syncup]
[Path:/home/doob/Documents/Bots/KittyLitterBot2/carla.py]
 MSG: Synching servers

[15 Aug 15:39:54]:[INFO]:[__main__]:[Line:1225][Func:syncup]
[Path:/home/doob/Documents/Bots/KittyLitterBot2/carla.py]
 MSG: Synching servers

[15 Aug 16:40:39]:[INFO]:[__main__]:[Line:1225][Func:syncup]
[Path:/home/doob/Documents/Bots/KittyLitterBot2/carla.py]
 MSG: Synching servers

[15 Aug 17:41:36]:[INFO]:[__main__]:[Line:1225][Func:syncup]
[Path:/home/doob/Documents/Bots/KittyLitterBot2/carla.py]
 MSG: Synching servers

[15 Aug 18:42:33]:[INFO]:[__main__]:[Line:1225][Func:syncup]
[Path:/home/doob/Documents/Bots/KittyLitterBot2/carla.py]
 MSG: Synching servers

[15 Aug 19:43:31]:[INFO]:[__main__]:[Line:1225][Func:syncup]
[Path:/home/doob/Documents/Bots/KittyLitterBot2/carla.py]
 MSG: Synching servers

[15 Aug 20:44:27]:[INFO]:[__main__]:[Line:1225][Func:syncup]
[Path:/home/doob/Documents/Bots/KittyLitterBot2/carla.py]
 MSG: Synching servers

[15 Aug 21:45:22]:[INFO]:[__main__]:[Line:1225][Func:syncup]
[Path:/home/doob/Documents/Bots/KittyLitterBot2/carla.py]
 MSG: Synching servers

[15 Aug 22:46:17]:[INFO]:[__main__]:[Line:1225][Func:syncup]
[Path:/home/doob/Documents/Bots/KittyLitterBot2/carla.py]
 MSG: Synching servers

[15 Aug 23:47:12]:[INFO]:[__main__]:[Line:1225][Func:syncup]
[Path:/home/doob/Documents/Bots/KittyLitterBot2/carla.py]
 MSG: Synching servers

[16 Aug 00:48:07]:[INFO]:[__main__]:[Line:1225][Func:syncup]
[Path:/home/doob/Documents/Bots/KittyLitterBot2/carla.py]
 MSG: Synching servers

[16 Aug 01:49:02]:[INFO]:[__main__]:[Line:1225][Func:syncup]
[Path:/home/doob/Documents/Bots/KittyLitterBot2/carla.py]
 MSG: Synching servers

[16 Aug 02:49:57]:[INFO]:[__main__]:[Line:1225][Func:syncup]
[Path:/home/doob/Documents/Bots/KittyLitterBot2/carla.py]
 MSG: Synching servers

[16 Aug 03:50:53]:[INFO]:[__main__]:[Line:1225][Func:syncup]
[Path:/home/doob/Documents/Bots/KittyLitterBot2/carla.py]
 MSG: Synching servers

[16 Aug 04:51:48]:[INFO]:[__main__]:[Line:1225][Func:syncup]
[Path:/home/doob/Documents/Bots/KittyLitterBot2/carla.py]
 MSG: Synching servers

[16 Aug 05:52:43]:[INFO]:[__main__]:[Line:1289][Func:syncup]
[Path:/home/doob/Documents/Bots/KittyLitterBot2/carla.py]
 MSG: Removed Sither

[16 Aug 05:52:43]:[INFO]:[__main__]:[Line:1225][Func:syncup]
[Path:/home/doob/Documents/Bots/KittyLitterBot2/carla.py]
 MSG: Synching servers

[16 Aug 06:53:39]:[INFO]:[__main__]:[Line:1225][Func:syncup]
[Path:/home/doob/Documents/Bots/KittyLitterBot2/carla.py]
 MSG: Synching servers

[16 Aug 07:54:34]:[INFO]:[__main__]:[Line:1225][Func:syncup]
[Path:/home/doob/Documents/Bots/KittyLitterBot2/carla.py]
 MSG: Synching servers

[16 Aug 08:55:29]:[INFO]:[__main__]:[Line:1225][Func:syncup]
[Path:/home/doob/Documents/Bots/KittyLitterBot2/carla.py]
 MSG: Synching servers

[16 Aug 09:56:24]:[INFO]:[__main__]:[Line:1225][Func:syncup]
[Path:/home/doob/Documents/Bots/KittyLitterBot2/carla.py]
 MSG: Synching servers

[16 Aug 10:57:19]:[INFO]:[__main__]:[Line:1225][Func:syncup]
[Path:/home/doob/Documents/Bots/KittyLitterBot2/carla.py]
 MSG: Synching servers

[16 Aug 11:58:16]:[INFO]:[__main__]:[Line:1225][Func:syncup]
[Path:/home/doob/Documents/Bots/KittyLitterBot2/carla.py]
 MSG: Synching servers

[16 Aug 12:59:11]:[INFO]:[__main__]:[Line:1225][Func:syncup]
[Path:/home/doob/Documents/Bots/KittyLitterBot2/carla.py]
 MSG: Synching servers

[16 Aug 14:00:09]:[INFO]:[__main__]:[Line:1225][Func:syncup]
[Path:/home/doob/Documents/Bots/KittyLitterBot2/carla.py]
 MSG: Synching servers

[16 Aug 15:01:04]:[INFO]:[__main__]:[Line:1225][Func:syncup]
[Path:/home/doob/Documents/Bots/KittyLitterBot2/carla.py]
 MSG: Synching servers

[16 Aug 16:01:59]:[INFO]:[__main__]:[Line:1225][Func:syncup]
[Path:/home/doob/Documents/Bots/KittyLitterBot2/carla.py]
 MSG: Synching servers

[16 Aug 17:02:55]:[INFO]:[__main__]:[Line:1225][Func:syncup]
[Path:/home/doob/Documents/Bots/KittyLitterBot2/carla.py]
 MSG: Synching servers

[16 Aug 18:03:51]:[INFO]:[__main__]:[Line:1225][Func:syncup]
[Path:/home/doob/Documents/Bots/KittyLitterBot2/carla.py]
 MSG: Synching servers

[16 Aug 19:04:46]:[INFO]:[__main__]:[Line:1225][Func:syncup]
[Path:/home/doob/Documents/Bots/KittyLitterBot2/carla.py]
 MSG: Synching servers

[16 Aug 20:05:41]:[INFO]:[__main__]:[Line:1225][Func:syncup]
[Path:/home/doob/Documents/Bots/KittyLitterBot2/carla.py]
 MSG: Synching servers

[16 Aug 21:06:37]:[INFO]:[__main__]:[Line:1225][Func:syncup]
[Path:/home/doob/Documents/Bots/KittyLitterBot2/carla.py]
 MSG: Synching servers

[16 Aug 22:07:33]:[INFO]:[__main__]:[Line:1225][Func:syncup]
[Path:/home/doob/Documents/Bots/KittyLitterBot2/carla.py]
 MSG: Synching servers

[16 Aug 23:08:30]:[INFO]:[__main__]:[Line:1225][Func:syncup]
[Path:/home/doob/Documents/Bots/KittyLitterBot2/carla.py]
 MSG: Synching servers

[17 Aug 00:09:26]:[INFO]:[__main__]:[Line:1225][Func:syncup]
[Path:/home/doob/Documents/Bots/KittyLitterBot2/carla.py]
 MSG: Synching servers

[17 Aug 01:10:21]:[INFO]:[__main__]:[Line:1225][Func:syncup]
[Path:/home/doob/Documents/Bots/KittyLitterBot2/carla.py]
 MSG: Synching servers

[17 Aug 02:11:18]:[INFO]:[__main__]:[Line:1225][Func:syncup]
[Path:/home/doob/Documents/Bots/KittyLitterBot2/carla.py]
 MSG: Synching servers

[17 Aug 03:12:13]:[INFO]:[__main__]:[Line:1225][Func:syncup]
[Path:/home/doob/Documents/Bots/KittyLitterBot2/carla.py]
 MSG: Synching servers

[17 Aug 04:13:09]:[INFO]:[__main__]:[Line:1225][Func:syncup]
[Path:/home/doob/Documents/Bots/KittyLitterBot2/carla.py]
 MSG: Synching servers

[17 Aug 05:14:04]:[INFO]:[__main__]:[Line:1225][Func:syncup]
[Path:/home/doob/Documents/Bots/KittyLitterBot2/carla.py]
 MSG: Synching servers

[17 Aug 06:15:00]:[INFO]:[__main__]:[Line:1225][Func:syncup]
[Path:/home/doob/Documents/Bots/KittyLitterBot2/carla.py]
 MSG: Synching servers

[17 Aug 07:15:56]:[INFO]:[__main__]:[Line:1225][Func:syncup]
[Path:/home/doob/Documents/Bots/KittyLitterBot2/carla.py]
 MSG: Synching servers

[17 Aug 08:16:55]:[INFO]:[__main__]:[Line:1225][Func:syncup]
[Path:/home/doob/Documents/Bots/KittyLitterBot2/carla.py]
 MSG: Synching servers

[17 Aug 09:17:50]:[INFO]:[__main__]:[Line:1225][Func:syncup]
[Path:/home/doob/Documents/Bots/KittyLitterBot2/carla.py]
 MSG: Synching servers

[17 Aug 10:18:47]:[INFO]:[__main__]:[Line:1225][Func:syncup]
[Path:/home/doob/Documents/Bots/KittyLitterBot2/carla.py]
 MSG: Synching servers

[17 Aug 11:19:42]:[INFO]:[__main__]:[Line:1225][Func:syncup]
[Path:/home/doob/Documents/Bots/KittyLitterBot2/carla.py]
 MSG: Synching servers

[17 Aug 12:20:37]:[INFO]:[__main__]:[Line:1225][Func:syncup]
[Path:/home/doob/Documents/Bots/KittyLitterBot2/carla.py]
 MSG: Synching servers

[17 Aug 13:21:32]:[INFO]:[__main__]:[Line:1225][Func:syncup]
[Path:/home/doob/Documents/Bots/KittyLitterBot2/carla.py]
 MSG: Synching servers

[17 Aug 14:22:27]:[INFO]:[__main__]:[Line:1225][Func:syncup]
[Path:/home/doob/Documents/Bots/KittyLitterBot2/carla.py]
 MSG: Synching servers

[17 Aug 15:23:23]:[INFO]:[__main__]:[Line:1225][Func:syncup]
[Path:/home/doob/Documents/Bots/KittyLitterBot2/carla.py]
 MSG: Synching servers

[17 Aug 16:24:18]:[INFO]:[__main__]:[Line:1225][Func:syncup]
[Path:/home/doob/Documents/Bots/KittyLitterBot2/carla.py]
 MSG: Synching servers

[17 Aug 17:25:13]:[INFO]:[__main__]:[Line:1225][Func:syncup]
[Path:/home/doob/Documents/Bots/KittyLitterBot2/carla.py]
 MSG: Synching servers

[17 Aug 18:26:10]:[INFO]:[__main__]:[Line:1225][Func:syncup]
[Path:/home/doob/Documents/Bots/KittyLitterBot2/carla.py]
 MSG: Synching servers

[17 Aug 19:27:06]:[INFO]:[__main__]:[Line:1225][Func:syncup]
[Path:/home/doob/Documents/Bots/KittyLitterBot2/carla.py]
 MSG: Synching servers

[17 Aug 20:28:02]:[INFO]:[__main__]:[Line:1225][Func:syncup]
[Path:/home/doob/Documents/Bots/KittyLitterBot2/carla.py]
 MSG: Synching servers

[17 Aug 21:28:57]:[INFO]:[__main__]:[Line:1225][Func:syncup]
[Path:/home/doob/Documents/Bots/KittyLitterBot2/carla.py]
 MSG: Synching servers

[17 Aug 22:29:52]:[INFO]:[__main__]:[Line:1225][Func:syncup]
[Path:/home/doob/Documents/Bots/KittyLitterBot2/carla.py]
 MSG: Synching servers

[17 Aug 23:30:49]:[INFO]:[__main__]:[Line:1225][Func:syncup]
[Path:/home/doob/Documents/Bots/KittyLitterBot2/carla.py]
 MSG: Synching servers

[18 Aug 00:31:44]:[INFO]:[__main__]:[Line:1225][Func:syncup]
[Path:/home/doob/Documents/Bots/KittyLitterBot2/carla.py]
 MSG: Synching servers

[18 Aug 01:32:40]:[INFO]:[__main__]:[Line:1225][Func:syncup]
[Path:/home/doob/Documents/Bots/KittyLitterBot2/carla.py]
 MSG: Synching servers

[18 Aug 02:33:35]:[INFO]:[__main__]:[Line:1225][Func:syncup]
[Path:/home/doob/Documents/Bots/KittyLitterBot2/carla.py]
 MSG: Synching servers

[18 Aug 03:34:32]:[INFO]:[__main__]:[Line:1225][Func:syncup]
[Path:/home/doob/Documents/Bots/KittyLitterBot2/carla.py]
 MSG: Synching servers

[18 Aug 04:35:28]:[INFO]:[__main__]:[Line:1225][Func:syncup]
[Path:/home/doob/Documents/Bots/KittyLitterBot2/carla.py]
 MSG: Synching servers

[18 Aug 05:36:24]:[INFO]:[__main__]:[Line:1225][Func:syncup]
[Path:/home/doob/Documents/Bots/KittyLitterBot2/carla.py]
 MSG: Synching servers

[18 Aug 06:37:20]:[INFO]:[__main__]:[Line:1225][Func:syncup]
[Path:/home/doob/Documents/Bots/KittyLitterBot2/carla.py]
 MSG: Synching servers

[18 Aug 07:38:15]:[INFO]:[__main__]:[Line:1225][Func:syncup]
[Path:/home/doob/Documents/Bots/KittyLitterBot2/carla.py]
 MSG: Synching servers

[18 Aug 08:39:10]:[INFO]:[__main__]:[Line:1225][Func:syncup]
[Path:/home/doob/Documents/Bots/KittyLitterBot2/carla.py]
 MSG: Synching servers

[18 Aug 09:40:06]:[INFO]:[__main__]:[Line:1225][Func:syncup]
[Path:/home/doob/Documents/Bots/KittyLitterBot2/carla.py]
 MSG: Synching servers

[18 Aug 10:41:03]:[INFO]:[__main__]:[Line:1225][Func:syncup]
[Path:/home/doob/Documents/Bots/KittyLitterBot2/carla.py]
 MSG: Synching servers

[18 Aug 11:41:59]:[INFO]:[__main__]:[Line:1225][Func:syncup]
[Path:/home/doob/Documents/Bots/KittyLitterBot2/carla.py]
 MSG: Synching servers

[18 Aug 12:42:56]:[INFO]:[__main__]:[Line:1225][Func:syncup]
[Path:/home/doob/Documents/Bots/KittyLitterBot2/carla.py]
 MSG: Synching servers

[18 Aug 13:43:53]:[INFO]:[__main__]:[Line:1225][Func:syncup]
[Path:/home/doob/Documents/Bots/KittyLitterBot2/carla.py]
 MSG: Synching servers

[18 Aug 14:44:49]:[INFO]:[__main__]:[Line:1225][Func:syncup]
[Path:/home/doob/Documents/Bots/KittyLitterBot2/carla.py]
 MSG: Synching servers

[18 Aug 15:45:47]:[INFO]:[__main__]:[Line:1225][Func:syncup]
[Path:/home/doob/Documents/Bots/KittyLitterBot2/carla.py]
 MSG: Synching servers

[18 Aug 16:46:43]:[INFO]:[__main__]:[Line:1225][Func:syncup]
[Path:/home/doob/Documents/Bots/KittyLitterBot2/carla.py]
 MSG: Synching servers

[18 Aug 17:47:40]:[INFO]:[__main__]:[Line:1225][Func:syncup]
[Path:/home/doob/Documents/Bots/KittyLitterBot2/carla.py]
 MSG: Synching servers

[18 Aug 18:48:35]:[INFO]:[__main__]:[Line:1225][Func:syncup]
[Path:/home/doob/Documents/Bots/KittyLitterBot2/carla.py]
 MSG: Synching servers

[18 Aug 19:49:30]:[INFO]:[__main__]:[Line:1225][Func:syncup]
[Path:/home/doob/Documents/Bots/KittyLitterBot2/carla.py]
 MSG: Synching servers

[18 Aug 20:50:26]:[INFO]:[__main__]:[Line:1225][Func:syncup]
[Path:/home/doob/Documents/Bots/KittyLitterBot2/carla.py]
 MSG: Synching servers

[18 Aug 21:51:21]:[INFO]:[__main__]:[Line:1225][Func:syncup]
[Path:/home/doob/Documents/Bots/KittyLitterBot2/carla.py]
 MSG: Synching servers

[18 Aug 22:52:17]:[INFO]:[__main__]:[Line:1225][Func:syncup]
[Path:/home/doob/Documents/Bots/KittyLitterBot2/carla.py]
 MSG: Synching servers

[18 Aug 23:53:13]:[INFO]:[__main__]:[Line:1225][Func:syncup]
[Path:/home/doob/Documents/Bots/KittyLitterBot2/carla.py]
 MSG: Synching servers

[19 Aug 00:54:10]:[INFO]:[__main__]:[Line:1225][Func:syncup]
[Path:/home/doob/Documents/Bots/KittyLitterBot2/carla.py]
 MSG: Synching servers

[19 Aug 01:55:07]:[INFO]:[__main__]:[Line:1225][Func:syncup]
[Path:/home/doob/Documents/Bots/KittyLitterBot2/carla.py]
 MSG: Synching servers

[19 Aug 02:56:02]:[INFO]:[__main__]:[Line:1225][Func:syncup]
[Path:/home/doob/Documents/Bots/KittyLitterBot2/carla.py]
 MSG: Synching servers

[19 Aug 03:56:57]:[INFO]:[__main__]:[Line:1225][Func:syncup]
[Path:/home/doob/Documents/Bots/KittyLitterBot2/carla.py]
 MSG: Synching servers

[19 Aug 04:57:54]:[INFO]:[__main__]:[Line:1225][Func:syncup]
[Path:/home/doob/Documents/Bots/KittyLitterBot2/carla.py]
 MSG: Synching servers

[19 Aug 05:58:49]:[INFO]:[__main__]:[Line:1225][Func:syncup]
[Path:/home/doob/Documents/Bots/KittyLitterBot2/carla.py]
 MSG: Synching servers

[19 Aug 06:59:45]:[INFO]:[__main__]:[Line:1225][Func:syncup]
[Path:/home/doob/Documents/Bots/KittyLitterBot2/carla.py]
 MSG: Synching servers

[19 Aug 08:00:41]:[INFO]:[__main__]:[Line:1225][Func:syncup]
[Path:/home/doob/Documents/Bots/KittyLitterBot2/carla.py]
 MSG: Synching servers

[19 Aug 09:01:36]:[INFO]:[__main__]:[Line:1225][Func:syncup]
[Path:/home/doob/Documents/Bots/KittyLitterBot2/carla.py]
 MSG: Synching servers

[19 Aug 10:02:32]:[INFO]:[__main__]:[Line:1225][Func:syncup]
[Path:/home/doob/Documents/Bots/KittyLitterBot2/carla.py]
 MSG: Synching servers

[19 Aug 11:03:28]:[INFO]:[__main__]:[Line:1225][Func:syncup]
[Path:/home/doob/Documents/Bots/KittyLitterBot2/carla.py]
 MSG: Synching servers

[19 Aug 12:04:23]:[INFO]:[__main__]:[Line:1225][Func:syncup]
[Path:/home/doob/Documents/Bots/KittyLitterBot2/carla.py]
 MSG: Synching servers

[19 Aug 13:05:18]:[INFO]:[__main__]:[Line:1225][Func:syncup]
[Path:/home/doob/Documents/Bots/KittyLitterBot2/carla.py]
 MSG: Synching servers

[19 Aug 14:06:14]:[INFO]:[__main__]:[Line:1225][Func:syncup]
[Path:/home/doob/Documents/Bots/KittyLitterBot2/carla.py]
 MSG: Synching servers

[19 Aug 15:07:10]:[INFO]:[__main__]:[Line:1225][Func:syncup]
[Path:/home/doob/Documents/Bots/KittyLitterBot2/carla.py]
 MSG: Synching servers

[19 Aug 16:08:05]:[INFO]:[__main__]:[Line:1225][Func:syncup]
[Path:/home/doob/Documents/Bots/KittyLitterBot2/carla.py]
 MSG: Synching servers

[19 Aug 17:09:01]:[INFO]:[__main__]:[Line:1225][Func:syncup]
[Path:/home/doob/Documents/Bots/KittyLitterBot2/carla.py]
 MSG: Synching servers

[19 Aug 18:09:56]:[INFO]:[__main__]:[Line:1225][Func:syncup]
[Path:/home/doob/Documents/Bots/KittyLitterBot2/carla.py]
 MSG: Synching servers

[19 Aug 19:10:53]:[INFO]:[__main__]:[Line:1225][Func:syncup]
[Path:/home/doob/Documents/Bots/KittyLitterBot2/carla.py]
 MSG: Synching servers

[19 Aug 20:11:50]:[INFO]:[__main__]:[Line:1225][Func:syncup]
[Path:/home/doob/Documents/Bots/KittyLitterBot2/carla.py]
 MSG: Synching servers

[19 Aug 21:12:45]:[INFO]:[__main__]:[Line:1225][Func:syncup]
[Path:/home/doob/Documents/Bots/KittyLitterBot2/carla.py]
 MSG: Synching servers

[19 Aug 22:13:40]:[INFO]:[__main__]:[Line:1225][Func:syncup]
[Path:/home/doob/Documents/Bots/KittyLitterBot2/carla.py]
 MSG: Synching servers

[19 Aug 23:14:36]:[INFO]:[__main__]:[Line:1225][Func:syncup]
[Path:/home/doob/Documents/Bots/KittyLitterBot2/carla.py]
 MSG: Synching servers

[20 Aug 00:15:33]:[INFO]:[__main__]:[Line:1225][Func:syncup]
[Path:/home/doob/Documents/Bots/KittyLitterBot2/carla.py]
 MSG: Synching servers

[20 Aug 01:16:29]:[INFO]:[__main__]:[Line:1225][Func:syncup]
[Path:/home/doob/Documents/Bots/KittyLitterBot2/carla.py]
 MSG: Synching servers

[20 Aug 02:17:25]:[INFO]:[__main__]:[Line:1225][Func:syncup]
[Path:/home/doob/Documents/Bots/KittyLitterBot2/carla.py]
 MSG: Synching servers

[20 Aug 03:18:21]:[INFO]:[__main__]:[Line:1225][Func:syncup]
[Path:/home/doob/Documents/Bots/KittyLitterBot2/carla.py]
 MSG: Synching servers

[20 Aug 04:19:16]:[INFO]:[__main__]:[Line:1225][Func:syncup]
[Path:/home/doob/Documents/Bots/KittyLitterBot2/carla.py]
 MSG: Synching servers

[20 Aug 05:20:11]:[INFO]:[__main__]:[Line:1225][Func:syncup]
[Path:/home/doob/Documents/Bots/KittyLitterBot2/carla.py]
 MSG: Synching servers

[20 Aug 06:21:07]:[INFO]:[__main__]:[Line:1225][Func:syncup]
[Path:/home/doob/Documents/Bots/KittyLitterBot2/carla.py]
 MSG: Synching servers

[20 Aug 07:22:02]:[INFO]:[__main__]:[Line:1225][Func:syncup]
[Path:/home/doob/Documents/Bots/KittyLitterBot2/carla.py]
 MSG: Synching servers

[20 Aug 08:22:57]:[INFO]:[__main__]:[Line:1225][Func:syncup]
[Path:/home/doob/Documents/Bots/KittyLitterBot2/carla.py]
 MSG: Synching servers

[20 Aug 09:23:52]:[INFO]:[__main__]:[Line:1225][Func:syncup]
[Path:/home/doob/Documents/Bots/KittyLitterBot2/carla.py]
 MSG: Synching servers

[20 Aug 10:24:48]:[INFO]:[__main__]:[Line:1225][Func:syncup]
[Path:/home/doob/Documents/Bots/KittyLitterBot2/carla.py]
 MSG: Synching servers

[20 Aug 11:25:43]:[INFO]:[__main__]:[Line:1225][Func:syncup]
[Path:/home/doob/Documents/Bots/KittyLitterBot2/carla.py]
 MSG: Synching servers

[20 Aug 12:26:38]:[INFO]:[__main__]:[Line:1225][Func:syncup]
[Path:/home/doob/Documents/Bots/KittyLitterBot2/carla.py]
 MSG: Synching servers

[20 Aug 13:27:35]:[INFO]:[__main__]:[Line:1225][Func:syncup]
[Path:/home/doob/Documents/Bots/KittyLitterBot2/carla.py]
 MSG: Synching servers

[20 Aug 14:28:31]:[INFO]:[__main__]:[Line:1225][Func:syncup]
[Path:/home/doob/Documents/Bots/KittyLitterBot2/carla.py]
 MSG: Synching servers

[20 Aug 15:29:27]:[INFO]:[__main__]:[Line:1225][Func:syncup]
[Path:/home/doob/Documents/Bots/KittyLitterBot2/carla.py]
 MSG: Synching servers

[20 Aug 16:30:23]:[INFO]:[__main__]:[Line:1225][Func:syncup]
[Path:/home/doob/Documents/Bots/KittyLitterBot2/carla.py]
 MSG: Synching servers

[20 Aug 17:31:19]:[INFO]:[__main__]:[Line:1225][Func:syncup]
[Path:/home/doob/Documents/Bots/KittyLitterBot2/carla.py]
 MSG: Synching servers

[20 Aug 18:32:15]:[INFO]:[__main__]:[Line:1225][Func:syncup]
[Path:/home/doob/Documents/Bots/KittyLitterBot2/carla.py]
 MSG: Synching servers

[20 Aug 19:33:11]:[INFO]:[__main__]:[Line:1225][Func:syncup]
[Path:/home/doob/Documents/Bots/KittyLitterBot2/carla.py]
 MSG: Synching servers

[20 Aug 20:34:07]:[INFO]:[__main__]:[Line:1225][Func:syncup]
[Path:/home/doob/Documents/Bots/KittyLitterBot2/carla.py]
 MSG: Synching servers

[20 Aug 21:35:06]:[INFO]:[__main__]:[Line:1289][Func:syncup]
[Path:/home/doob/Documents/Bots/KittyLitterBot2/carla.py]
 MSG: Removed NicoTF

[20 Aug 21:35:06]:[INFO]:[__main__]:[Line:1289][Func:syncup]
[Path:/home/doob/Documents/Bots/KittyLitterBot2/carla.py]
 MSG: Removed JoshFro1

[20 Aug 21:35:06]:[INFO]:[__main__]:[Line:1225][Func:syncup]
[Path:/home/doob/Documents/Bots/KittyLitterBot2/carla.py]
 MSG: Synching servers

[20 Aug 22:36:02]:[INFO]:[__main__]:[Line:1225][Func:syncup]
[Path:/home/doob/Documents/Bots/KittyLitterBot2/carla.py]
 MSG: Synching servers

[20 Aug 23:36:58]:[INFO]:[__main__]:[Line:1225][Func:syncup]
[Path:/home/doob/Documents/Bots/KittyLitterBot2/carla.py]
 MSG: Synching servers

[21 Aug 00:37:54]:[INFO]:[__main__]:[Line:1225][Func:syncup]
[Path:/home/doob/Documents/Bots/KittyLitterBot2/carla.py]
 MSG: Synching servers

[21 Aug 01:38:49]:[INFO]:[__main__]:[Line:1225][Func:syncup]
[Path:/home/doob/Documents/Bots/KittyLitterBot2/carla.py]
 MSG: Synching servers

[21 Aug 02:39:45]:[INFO]:[__main__]:[Line:1225][Func:syncup]
[Path:/home/doob/Documents/Bots/KittyLitterBot2/carla.py]
 MSG: Synching servers

[21 Aug 03:40:40]:[INFO]:[__main__]:[Line:1225][Func:syncup]
[Path:/home/doob/Documents/Bots/KittyLitterBot2/carla.py]
 MSG: Synching servers

[21 Aug 04:41:35]:[INFO]:[__main__]:[Line:1225][Func:syncup]
[Path:/home/doob/Documents/Bots/KittyLitterBot2/carla.py]
 MSG: Synching servers

[21 Aug 05:42:30]:[INFO]:[__main__]:[Line:1225][Func:syncup]
[Path:/home/doob/Documents/Bots/KittyLitterBot2/carla.py]
 MSG: Synching servers

[21 Aug 06:43:26]:[INFO]:[__main__]:[Line:1225][Func:syncup]
[Path:/home/doob/Documents/Bots/KittyLitterBot2/carla.py]
 MSG: Synching servers

[21 Aug 07:44:22]:[INFO]:[__main__]:[Line:1225][Func:syncup]
[Path:/home/doob/Documents/Bots/KittyLitterBot2/carla.py]
 MSG: Synching servers

[21 Aug 08:45:18]:[INFO]:[__main__]:[Line:1225][Func:syncup]
[Path:/home/doob/Documents/Bots/KittyLitterBot2/carla.py]
 MSG: Synching servers

[21 Aug 09:46:14]:[INFO]:[__main__]:[Line:1225][Func:syncup]
[Path:/home/doob/Documents/Bots/KittyLitterBot2/carla.py]
 MSG: Synching servers

[21 Aug 10:47:09]:[INFO]:[__main__]:[Line:1225][Func:syncup]
[Path:/home/doob/Documents/Bots/KittyLitterBot2/carla.py]
 MSG: Synching servers

[21 Aug 11:48:05]:[INFO]:[__main__]:[Line:1225][Func:syncup]
[Path:/home/doob/Documents/Bots/KittyLitterBot2/carla.py]
 MSG: Synching servers

[21 Aug 12:49:00]:[INFO]:[__main__]:[Line:1225][Func:syncup]
[Path:/home/doob/Documents/Bots/KittyLitterBot2/carla.py]
 MSG: Synching servers

[21 Aug 13:49:55]:[INFO]:[__main__]:[Line:1225][Func:syncup]
[Path:/home/doob/Documents/Bots/KittyLitterBot2/carla.py]
 MSG: Synching servers

[21 Aug 14:50:50]:[INFO]:[__main__]:[Line:1225][Func:syncup]
[Path:/home/doob/Documents/Bots/KittyLitterBot2/carla.py]
 MSG: Synching servers

[21 Aug 15:51:46]:[INFO]:[__main__]:[Line:1225][Func:syncup]
[Path:/home/doob/Documents/Bots/KittyLitterBot2/carla.py]
 MSG: Synching servers

[21 Aug 16:52:41]:[INFO]:[__main__]:[Line:1225][Func:syncup]
[Path:/home/doob/Documents/Bots/KittyLitterBot2/carla.py]
 MSG: Synching servers

[21 Aug 17:53:27]:[INFO]:[__main__]:[Line:1225][Func:syncup]
[Path:/home/doob/Documents/Bots/KittyLitterBot2/carla.py]
 MSG: Synching servers

[21 Aug 18:54:12]:[INFO]:[__main__]:[Line:1225][Func:syncup]
[Path:/home/doob/Documents/Bots/KittyLitterBot2/carla.py]
 MSG: Synching servers

[21 Aug 19:54:56]:[INFO]:[__main__]:[Line:1225][Func:syncup]
[Path:/home/doob/Documents/Bots/KittyLitterBot2/carla.py]
 MSG: Synching servers

[21 Aug 20:55:40]:[INFO]:[__main__]:[Line:1225][Func:syncup]
[Path:/home/doob/Documents/Bots/KittyLitterBot2/carla.py]
 MSG: Synching servers

[21 Aug 21:56:25]:[INFO]:[__main__]:[Line:1225][Func:syncup]
[Path:/home/doob/Documents/Bots/KittyLitterBot2/carla.py]
 MSG: Synching servers

[21 Aug 22:57:10]:[INFO]:[__main__]:[Line:1225][Func:syncup]
[Path:/home/doob/Documents/Bots/KittyLitterBot2/carla.py]
 MSG: Synching servers

[21 Aug 23:57:55]:[INFO]:[__main__]:[Line:1225][Func:syncup]
[Path:/home/doob/Documents/Bots/KittyLitterBot2/carla.py]
 MSG: Synching servers

[22 Aug 00:58:41]:[INFO]:[__main__]:[Line:1225][Func:syncup]
[Path:/home/doob/Documents/Bots/KittyLitterBot2/carla.py]
 MSG: Synching servers

[22 Aug 01:59:25]:[INFO]:[__main__]:[Line:1225][Func:syncup]
[Path:/home/doob/Documents/Bots/KittyLitterBot2/carla.py]
 MSG: Synching servers

[22 Aug 03:00:10]:[INFO]:[__main__]:[Line:1225][Func:syncup]
[Path:/home/doob/Documents/Bots/KittyLitterBot2/carla.py]
 MSG: Synching servers

[22 Aug 04:00:57]:[INFO]:[__main__]:[Line:1225][Func:syncup]
[Path:/home/doob/Documents/Bots/KittyLitterBot2/carla.py]
 MSG: Synching servers

[22 Aug 05:01:42]:[INFO]:[__main__]:[Line:1225][Func:syncup]
[Path:/home/doob/Documents/Bots/KittyLitterBot2/carla.py]
 MSG: Synching servers

[22 Aug 06:02:28]:[INFO]:[__main__]:[Line:1225][Func:syncup]
[Path:/home/doob/Documents/Bots/KittyLitterBot2/carla.py]
 MSG: Synching servers

[22 Aug 07:03:15]:[INFO]:[__main__]:[Line:1225][Func:syncup]
[Path:/home/doob/Documents/Bots/KittyLitterBot2/carla.py]
 MSG: Synching servers

[22 Aug 08:04:00]:[INFO]:[__main__]:[Line:1225][Func:syncup]
[Path:/home/doob/Documents/Bots/KittyLitterBot2/carla.py]
 MSG: Synching servers

[22 Aug 09:04:45]:[INFO]:[__main__]:[Line:1225][Func:syncup]
[Path:/home/doob/Documents/Bots/KittyLitterBot2/carla.py]
 MSG: Synching servers

[22 Aug 10:05:33]:[INFO]:[__main__]:[Line:1225][Func:syncup]
[Path:/home/doob/Documents/Bots/KittyLitterBot2/carla.py]
 MSG: Synching servers

[22 Aug 11:06:20]:[INFO]:[__main__]:[Line:1225][Func:syncup]
[Path:/home/doob/Documents/Bots/KittyLitterBot2/carla.py]
 MSG: Synching servers

[22 Aug 12:07:05]:[INFO]:[__main__]:[Line:1225][Func:syncup]
[Path:/home/doob/Documents/Bots/KittyLitterBot2/carla.py]
 MSG: Synching servers

[22 Aug 13:07:52]:[INFO]:[__main__]:[Line:1225][Func:syncup]
[Path:/home/doob/Documents/Bots/KittyLitterBot2/carla.py]
 MSG: Synching servers

[22 Aug 14:08:38]:[INFO]:[__main__]:[Line:1225][Func:syncup]
[Path:/home/doob/Documents/Bots/KittyLitterBot2/carla.py]
 MSG: Synching servers

[22 Aug 15:09:25]:[INFO]:[__main__]:[Line:1225][Func:syncup]
[Path:/home/doob/Documents/Bots/KittyLitterBot2/carla.py]
 MSG: Synching servers

[22 Aug 16:10:11]:[INFO]:[__main__]:[Line:1225][Func:syncup]
[Path:/home/doob/Documents/Bots/KittyLitterBot2/carla.py]
 MSG: Synching servers

[22 Aug 17:10:56]:[INFO]:[__main__]:[Line:1225][Func:syncup]
[Path:/home/doob/Documents/Bots/KittyLitterBot2/carla.py]
 MSG: Synching servers

[22 Aug 18:11:40]:[INFO]:[__main__]:[Line:1225][Func:syncup]
[Path:/home/doob/Documents/Bots/KittyLitterBot2/carla.py]
 MSG: Synching servers

[22 Aug 19:12:26]:[INFO]:[__main__]:[Line:1225][Func:syncup]
[Path:/home/doob/Documents/Bots/KittyLitterBot2/carla.py]
 MSG: Synching servers

[22 Aug 20:13:12]:[INFO]:[__main__]:[Line:1225][Func:syncup]
[Path:/home/doob/Documents/Bots/KittyLitterBot2/carla.py]
 MSG: Synching servers

[22 Aug 21:13:56]:[INFO]:[__main__]:[Line:1225][Func:syncup]
[Path:/home/doob/Documents/Bots/KittyLitterBot2/carla.py]
 MSG: Synching servers

[22 Aug 22:14:42]:[INFO]:[__main__]:[Line:1225][Func:syncup]
[Path:/home/doob/Documents/Bots/KittyLitterBot2/carla.py]
 MSG: Synching servers

[22 Aug 23:15:30]:[INFO]:[__main__]:[Line:1225][Func:syncup]
[Path:/home/doob/Documents/Bots/KittyLitterBot2/carla.py]
 MSG: Synching servers

[23 Aug 00:16:15]:[INFO]:[__main__]:[Line:1225][Func:syncup]
[Path:/home/doob/Documents/Bots/KittyLitterBot2/carla.py]
 MSG: Synching servers

[23 Aug 01:17:00]:[INFO]:[__main__]:[Line:1225][Func:syncup]
[Path:/home/doob/Documents/Bots/KittyLitterBot2/carla.py]
 MSG: Synching servers

[23 Aug 02:17:45]:[INFO]:[__main__]:[Line:1225][Func:syncup]
[Path:/home/doob/Documents/Bots/KittyLitterBot2/carla.py]
 MSG: Synching servers

[23 Aug 03:18:29]:[INFO]:[__main__]:[Line:1225][Func:syncup]
[Path:/home/doob/Documents/Bots/KittyLitterBot2/carla.py]
 MSG: Synching servers

[23 Aug 04:19:15]:[INFO]:[__main__]:[Line:1225][Func:syncup]
[Path:/home/doob/Documents/Bots/KittyLitterBot2/carla.py]
 MSG: Synching servers

[23 Aug 05:20:00]:[INFO]:[__main__]:[Line:1225][Func:syncup]
[Path:/home/doob/Documents/Bots/KittyLitterBot2/carla.py]
 MSG: Synching servers

[23 Aug 06:20:46]:[INFO]:[__main__]:[Line:1225][Func:syncup]
[Path:/home/doob/Documents/Bots/KittyLitterBot2/carla.py]
 MSG: Synching servers

[23 Aug 07:21:31]:[INFO]:[__main__]:[Line:1225][Func:syncup]
[Path:/home/doob/Documents/Bots/KittyLitterBot2/carla.py]
 MSG: Synching servers

[23 Aug 08:22:18]:[INFO]:[__main__]:[Line:1225][Func:syncup]
[Path:/home/doob/Documents/Bots/KittyLitterBot2/carla.py]
 MSG: Synching servers

[23 Aug 09:23:03]:[INFO]:[__main__]:[Line:1225][Func:syncup]
[Path:/home/doob/Documents/Bots/KittyLitterBot2/carla.py]
 MSG: Synching servers

[23 Aug 10:23:49]:[INFO]:[__main__]:[Line:1225][Func:syncup]
[Path:/home/doob/Documents/Bots/KittyLitterBot2/carla.py]
 MSG: Synching servers

[23 Aug 11:24:33]:[INFO]:[__main__]:[Line:1225][Func:syncup]
[Path:/home/doob/Documents/Bots/KittyLitterBot2/carla.py]
 MSG: Synching servers

[23 Aug 12:25:19]:[INFO]:[__main__]:[Line:1225][Func:syncup]
[Path:/home/doob/Documents/Bots/KittyLitterBot2/carla.py]
 MSG: Synching servers

[23 Aug 13:26:05]:[INFO]:[__main__]:[Line:1225][Func:syncup]
[Path:/home/doob/Documents/Bots/KittyLitterBot2/carla.py]
 MSG: Synching servers

[23 Aug 14:26:50]:[INFO]:[__main__]:[Line:1225][Func:syncup]
[Path:/home/doob/Documents/Bots/KittyLitterBot2/carla.py]
 MSG: Synching servers

[23 Aug 15:27:36]:[INFO]:[__main__]:[Line:1225][Func:syncup]
[Path:/home/doob/Documents/Bots/KittyLitterBot2/carla.py]
 MSG: Synching servers

[23 Aug 16:28:21]:[INFO]:[__main__]:[Line:1289][Func:syncup]
[Path:/home/doob/Documents/Bots/KittyLitterBot2/carla.py]
 MSG: Removed Sither

[23 Aug 16:28:21]:[INFO]:[__main__]:[Line:1225][Func:syncup]
[Path:/home/doob/Documents/Bots/KittyLitterBot2/carla.py]
 MSG: Synching servers

[23 Aug 17:29:05]:[INFO]:[__main__]:[Line:1225][Func:syncup]
[Path:/home/doob/Documents/Bots/KittyLitterBot2/carla.py]
 MSG: Synching servers

[23 Aug 18:29:50]:[INFO]:[__main__]:[Line:1225][Func:syncup]
[Path:/home/doob/Documents/Bots/KittyLitterBot2/carla.py]
 MSG: Synching servers

